<?xml version="1.0" encoding="UTF-8"?>
<testng-results skipped="0" failed="0" total="1" passed="1">
  <reporter-output>
  </reporter-output>
  <suite name="Any Name" duration-ms="14835" started-at="2016-01-19T16:02:17Z" finished-at="2016-01-19T16:02:32Z">
    <groups>
    </groups>
    <test name="My Test" duration-ms="14835" started-at="2016-01-19T16:02:17Z" finished-at="2016-01-19T16:02:32Z">
      <class name="automationFramework.Reporting">
        <test-method status="PASS" signature="verifyTitle()[pri:0, instance:automationFramework.Reporting@24599bcd]" name="verifyTitle" duration-ms="14812" started-at="2016-01-19T18:02:17Z" finished-at="2016-01-19T18:02:32Z">
          <reporter-output>
          </reporter-output>
        </test-method> <!-- verifyTitle -->
      </class> <!-- automationFramework.Reporting -->
    </test> <!-- My Test -->
  </suite> <!-- Any Name -->
</testng-results>
