<?xml version="1.0" encoding="UTF-8"?>
<!-- Generated by org.testng.reporters.JUnitXMLReporter -->
<testsuite hostname="EPUAKHAW0979" name="New Test" tests="1" failures="0" timestamp="19 Jan 2016 12:11:05 GMT" time="0.031" errors="0">
  <testcase name="@BeforeMethod beforeMethod" time="0.0" classname="automationFramework.NewTest">
    <failure type="java.lang.NoClassDefFoundError" message="org/apache/log4j/xml/DOMConfigurator">
      <![CDATA[java.lang.NoClassDefFoundError: org/apache/log4j/xml/DOMConfigurator
	at automationFramework.NewTest.beforeMethod(NewTest.java:35)
Caused by: java.lang.ClassNotFoundException: org.apache.log4j.xml.DOMConfigurator
	at java.net.URLClassLoader$1.run(URLClassLoader.java:366)
	at java.net.URLClassLoader$1.run(URLClassLoader.java:355)
	at java.security.AccessController.doPrivileged(Native Method)
	at java.net.URLClassLoader.findClass(URLClassLoader.java:354)
	at java.lang.ClassLoader.loadClass(ClassLoader.java:424)
	at sun.misc.Launcher$AppClassLoader.loadClass(Launcher.java:308)
	at java.lang.ClassLoader.loadClass(ClassLoader.java:357)
	... 26 more
... Removed 25 stack frames]]>
    </failure>
  </testcase> <!-- @BeforeMethod beforeMethod -->
  <testcase name="@AfterMethod afterMethod" time="0.0" classname="automationFramework.NewTest">
    <skipped/>
  </testcase> <!-- @AfterMethod afterMethod -->
  <testcase name="f1" time="0.0" classname="automationFramework.NewTest">
    <skipped/>
  </testcase> <!-- f1 -->
</testsuite> <!-- New Test -->
